2022-02-25T14:29:19.802Z  info: Running on port 4000
2022-02-25T14:30:56.540Z  info: Running on port 4000
2022-02-25T14:32:54.181Z  info: Running on port 4000
2022-02-25T14:33:08.111Z  info: Running on port 4000
2022-02-25T14:36:17.319Z  info: Running on port 4000
2022-02-25T14:36:38.790Z  info: Running on port 4000
2022-02-25T14:36:44.894Z  info: connect ECONNREFUSED 52.128.23.153:443
2022-02-25T14:38:00.458Z  info: connect ECONNREFUSED 52.128.23.153:443
2022-02-25T20:02:27.499Z  info: Running on port 4000
2022-02-25T20:03:11.161Z  info: Running on port 4000
2022-02-25T20:03:37.644Z  info: Running on port 4000
2022-02-25T20:04:09.490Z  info: Running on port 4000
2022-02-25T20:05:21.673Z  info: Running on port 4000
2022-02-25T20:05:34.677Z  info: Running on port 4000
2022-02-25T20:06:16.362Z  info: Running on port 4000
2022-02-25T20:07:45.906Z  info: Running on port 4000
2022-02-25T20:09:41.998Z  info: Running on port 4000
2022-02-25T20:10:16.236Z  info: Running on port 4000
2022-02-25T21:24:09.782Z  info: Running on port 4000
2022-02-25T21:24:16.855Z  info: Running on port 4000
2022-02-25T21:25:13.056Z  info: Running on port 4000
2022-02-25T21:27:36.156Z  info: Running on port 4000
2022-02-25T21:28:06.835Z  info: Running on port 4000
2022-02-25T21:32:27.924Z  info: Running on port 4000
2022-02-25T21:38:56.286Z  info: Running on port 4000
2022-02-25T21:41:11.382Z  info: Running on port 4000
2022-02-25T21:41:42.983Z  info: Running on port 4000
2022-02-25T21:42:19.459Z  info: Running on port 4000
2022-02-25T21:42:29.017Z  info: Running on port 4000
2022-02-25T21:43:30.875Z  info: Running on port 4000
2022-02-25T21:44:17.776Z  info: Running on port 4000
2022-02-25T21:46:09.706Z  info: Running on port 4000
2022-02-25T21:46:18.608Z  info: Running on port 4000
2022-02-25T21:54:13.989Z  info: Running on port 4000
2022-02-25T21:55:31.175Z  info: Running on port 4000
2022-02-25T21:55:59.557Z  info: Running on port 4000
2022-02-25T21:56:24.983Z  info: Running on port 4000
2022-02-25T21:56:43.874Z  info: Running on port 4000
2022-02-25T21:57:05.059Z  info: Running on port 4000
2022-02-25T21:57:23.318Z  info: Running on port 4000
2022-02-25T21:57:44.517Z  info: Running on port 4000
2022-02-25T21:59:07.967Z  info: Running on port 4000
2022-02-25T21:59:45.014Z  info: Running on port 4000
2022-02-25T21:59:57.970Z  info: Running on port 4000
2022-02-25T22:00:14.865Z  info: Running on port 4000
2022-02-25T22:00:28.671Z  info: Running on port 4000
2022-02-25T22:01:06.414Z  info: Running on port 4000
2022-02-25T22:01:48.135Z  info: Running on port 4000
2022-02-25T22:02:14.210Z  info: Running on port 4000
2022-02-25T22:02:23.032Z  info: Running on port 4000
2022-02-25T22:02:51.717Z  info: Running on port 4000
2022-02-25T22:04:43.777Z  info: Running on port 4000
2022-02-25T22:05:18.970Z  info: Running on port 4000
2022-02-25T22:05:41.130Z  info: Running on port 4000
2022-02-25T22:07:37.611Z  info: Running on port 4000
2022-02-25T22:08:27.327Z  info: Running on port 4000
2022-02-25T22:09:58.033Z  info: Running on port 4000
2022-02-25T22:10:54.732Z  info: Running on port 4000
2022-02-25T22:11:07.546Z  info: Running on port 4000
2022-02-25T22:20:54.641Z  info: Running on port 4000
2022-02-25T22:22:19.037Z  info: Running on port 4000
2022-02-25T22:22:34.823Z  info: Running on port 4000
2022-02-25T22:22:48.887Z  info: Running on port 4000
2022-02-25T22:23:00.074Z  info: Running on port 4000
2022-02-25T22:23:10.571Z  info: Running on port 4000
2022-02-25T22:23:44.166Z  info: Running on port 4000
2022-02-25T22:24:48.445Z  info: Running on port 4000
2022-02-25T22:24:58.819Z  info: Running on port 4000
2022-02-25T22:26:06.896Z  info: Running on port 4000
2022-02-25T22:26:54.819Z  info: Running on port 4000
2022-02-25T22:28:07.613Z  info: Running on port 4000
2022-02-25T22:28:43.648Z  info: Running on port 4000
2022-02-25T22:29:02.787Z  info: Running on port 4000
2022-02-25T22:32:47.259Z  info: Running on port 4000
2022-02-25T22:36:35.459Z  info: Running on port 4000
2022-02-25T22:37:27.321Z  info: Running on port 4000
2022-02-25T22:39:02.041Z  info: Running on port 4000
2022-02-25T22:40:46.694Z  info: Running on port 4000
2022-02-25T22:40:53.600Z  info: Running on port 4000
2022-02-25T22:50:15.771Z  info: Running on port 4000
2022-02-25T22:50:18.914Z  info: Running on port 4000
2022-02-26T21:14:52.369Z  info: Running on port 4000
2022-02-27T21:36:46.276Z  info: Running On 4000
2022-02-27T21:38:02.588Z  info: Running On 4000
2022-02-27T21:42:51.248Z  info: Running On Port 4000
2022-02-27T21:44:39.386Z  info: Running On Port 4000
2022-02-27T21:47:52.913Z  info: Running On Port 4000
2022-02-27T21:49:26.006Z  info: Running On Port 4000
2022-02-27T21:49:33.804Z  info: Running on port 4000
2022-02-27T21:50:29.414Z  info: Running On Port 4000
2022-02-27T21:51:22.936Z  info: Running On Port 4000
2022-02-27T21:51:30.978Z  info: Running On Port 4000
2022-02-27T21:53:42.804Z  info: Running On Port 4000
2022-02-27T21:54:14.722Z  info: Running On Port 4000
2022-02-27T21:54:24.293Z  info: Running On Port 4000
2022-02-27T21:55:23.275Z  info: Running on port 4000
2022-02-27T21:55:57.394Z  info: Running on port 4000
2022-02-28T09:07:41.762Z  info: Running On Port 4000
2022-02-28T09:08:49.872Z  info: Running on port 4000
2022-02-28T09:12:02.557Z  info: Running on port 4000
2022-02-28T09:12:18.793Z  info: Running on port 4000
2022-02-28T10:10:54.582Z  info: Running on port 4000
2022-02-28T10:24:01.411Z  info: Running on port 4000
2022-02-28T10:41:13.891Z  info: Running on port 4000
2022-02-28T10:41:40.688Z  info: Running on port 4000
2022-02-28T10:41:54.567Z  info: Running on port 4000
2022-02-28T10:42:08.516Z  info: Running on port 4000
2022-02-28T10:42:28.111Z  info: Running on port 4000
2022-02-28T11:01:12.315Z  info: Running on port 4000
2022-02-28T11:01:28.858Z  info: Running on port 4000
2022-02-28T11:02:31.476Z  info: Running on port 4000
2022-02-28T11:02:59.028Z  info: Running on port 4000
2022-02-28T11:03:48.999Z  info: Running on port 4000
2022-02-28T11:04:45.979Z  info: Running On Port 4000
2022-02-28T11:06:13.030Z  info: Running On Port 4000
2022-02-28T11:06:21.851Z  info: Running On Port 4000
2022-02-28T11:06:41.802Z  info: Running On Port 4000
2022-02-28T11:07:18.053Z  info: Running On Port 4000
2022-02-28T11:07:42.861Z  info: Running on port 4000
2022-02-28T11:11:32.741Z  info: Running on port 4000
2022-02-28T11:30:10.857Z  info: Running on port 4000
2022-02-28T11:30:17.619Z  info: Running on port 4000
2022-02-28T12:20:40.376Z  info: Running on port 4000
2022-02-28T12:21:05.880Z  info: Running On Port 4000
2022-02-28T12:21:52.530Z  info: Running On Port 4000
2022-02-28T12:22:06.349Z  info: oooo
2022-02-28T12:22:06.359Z  info: Running On Port 4000
2022-02-28T12:22:41.284Z  info: Running On Port 4000
2022-02-28T12:24:15.152Z  info: Running On Port 4000
2022-02-28T12:28:12.822Z  info: Running On Port 4000
2022-02-28T12:28:29.301Z  info: Running On Port 4000
2022-02-28T12:29:19.343Z  info: Running on port 4000
2022-02-28T12:30:08.323Z  info: Running on port 4000
2022-02-28T12:30:35.050Z  info: Running on port 4000
2022-02-28T12:31:06.760Z  info: Running on port 4000
2022-02-28T12:31:45.949Z  info: Running on port 4000
2022-02-28T12:31:52.120Z  info: undefined
2022-02-28T12:32:20.485Z  info: Running on port 4000
2022-02-28T12:32:29.441Z  info: Running on port 4000
2022-02-28T12:32:32.756Z  info: 2
2022-02-28T12:32:50.062Z  info: Running on port 4000
2022-02-28T12:32:51.346Z  info: 2
2022-02-28T12:33:09.076Z  info: 2
2022-02-28T12:33:25.020Z  info: 2
2022-02-28T12:36:08.551Z  info: Running on port 4000
2022-02-28T12:36:24.762Z  info: 2
2022-02-28T12:36:45.405Z  info: Running on port 4000
2022-02-28T12:37:02.013Z  error: getaddrinfo ENOTFOUND api.github.com
2022-02-28T12:37:34.883Z  info: Running on port 4000
2022-02-28T12:37:45.373Z  info: Running on port 4000
2022-02-28T12:37:59.305Z  error: getaddrinfo ENOTFOUND api.github.com
2022-02-28T12:39:24.697Z  info: Running on port 4000
2022-02-28T12:39:38.858Z  error: getaddrinfo ENOTFOUND api.github.com
2022-02-28T12:42:16.050Z  info: Running on port 4000
2022-02-28T12:42:48.148Z  info: Running on port 4000
2022-02-28T12:43:08.631Z  info: Running on port 4000
2022-02-28T12:43:14.289Z  info: https://api.github.com/repos/nodejs/node/commits?per_page=2&page=1
2022-02-28T12:44:41.457Z  info: Running on port 4000
2022-02-28T12:45:03.091Z  info: Running on port 4000
2022-02-28T12:45:38.025Z  info: Running on port 4000
2022-02-28T12:45:49.969Z  error: getaddrinfo ENOTFOUND api.github.com
2022-02-28T12:46:39.125Z  info: Running on port 4000
2022-02-28T12:47:45.838Z  info: Running on port 4000
2022-02-28T12:48:25.592Z  info: Running on port 4000
2022-02-28T13:39:59.444Z  info: Running on port 4000
2022-02-28T13:41:05.053Z  info: Running On Port 4000
2022-02-28T13:42:44.634Z  info: Running On Port 4000
2022-02-28T13:43:00.126Z  info: Running On Port 4000
2022-02-28T13:45:47.211Z  info: Running On Port 4000
2022-02-28T13:47:28.016Z  info: Running On Port 4000
2022-02-28T13:49:52.943Z  info: Running On Port 4000
2022-02-28T13:50:52.628Z  info: Running On Port 4000
2022-02-28T14:01:51.450Z  info: Running On Port 4000
2022-02-28T14:02:01.635Z  info: Running On Port 4000
2022-02-28T14:05:14.566Z  info: Running On Port 4000
2022-02-28T14:16:17.059Z  info: Running On Port 4000
2022-02-28T14:16:37.258Z  info: Running On Port 4000
2022-02-28T16:31:01.588Z  info: Running On Port 4000
2022-02-28T16:31:36.512Z  info: Running On Port 4000
2022-02-28T16:37:00.781Z  info: Running On Port 4000
2022-02-28T16:39:08.672Z  info: Running On Port 4000
2022-02-28T16:39:43.655Z  info: Running On Port 4000
2022-02-28T16:40:24.250Z  info: Running On Port 4000
2022-02-28T16:43:06.007Z  info: Running On Port 4000
2022-02-28T16:43:46.628Z  info: Running on port 4000
2022-02-28T16:46:58.635Z  info: Running On Port 4000
2022-02-28T16:48:51.040Z  info: Running On Port 4000
2022-02-28T16:52:04.832Z  info: Running On Port 4000
2022-02-28T16:52:44.279Z  info: Running On Port 4000
2022-02-28T17:01:15.479Z  info: Running On Port 3000
2022-02-28T17:01:36.349Z  info: Running On Port 3000
2022-02-28T17:01:55.739Z  info: Running On Port 3000
2022-02-28T17:02:27.230Z  info: Running On Port 4000
2022-02-28T17:03:30.336Z  info: Running On Port 4000
2022-02-28T17:03:35.987Z  info: Running On Port 4000
2022-02-28T17:03:56.913Z  info: Running On Port 4000
2022-02-28T17:05:04.239Z  info: Running On Port 4000
2022-02-28T17:07:55.821Z  info: Running On Port 4000
2022-02-28T17:09:31.756Z  info: Running On Port 4000
2022-02-28T17:38:30.041Z  info: Running On Port 4000
2022-02-28T17:38:57.350Z  info: Running On Port 4000
2022-02-28T17:39:37.197Z  info: Running On Port 4000
2022-02-28T17:40:23.956Z  info: Running On Port 4000
2022-02-28T17:40:54.128Z  info: Running On Port 4000
2022-02-28T17:41:44.021Z  info: Running On Port 4000
2022-02-28T17:42:40.979Z  info: Running On Port 4000
2022-02-28T17:43:05.841Z  info: Running On Port 4000
2022-02-28T17:44:20.785Z  info: Running On Port 4000
2022-02-28T17:47:20.152Z  info: Running On Port 4000
2022-02-28T17:47:28.318Z  info: Running On Port 4000
2022-02-28T17:55:11.763Z  info: Running On Port 4000
2022-02-28T17:55:40.343Z  info: Running On Port 4000
2022-02-28T17:56:13.434Z  info: Running On Port 4000
2022-02-28T17:56:40.749Z  info: Running On Port 4000
2022-02-28T17:57:03.545Z  info: Running On Port 4000
2022-02-28T17:59:07.346Z  info: Running On Port 4000
2022-02-28T18:00:32.879Z  info: Running On Port 4000
2022-02-28T18:02:13.638Z  info: Running On Port 4000
2022-02-28T18:02:38.799Z  info: Running On Port 4000
2022-02-28T18:04:43.224Z  info: Running On Port 4000
2022-02-28T18:09:03.587Z  info: Running On Port 4000
2022-02-28T18:10:42.269Z  info: Running On Port 4000
2022-02-28T18:13:17.599Z  info: Running On Port 4000
2022-02-28T18:14:15.214Z  info: Running On Port 4000
2022-02-28T18:17:54.526Z  info: Running On Port 4000
2022-02-28T18:19:10.085Z  info: Running On Port 4000
2022-02-28T18:20:32.779Z  info: Running On Port 4000
2022-02-28T18:27:06.591Z  info: Running On Port 4000
2022-02-28T18:27:41.941Z  info: Running On Port 4000
2022-02-28T18:28:15.128Z  info: Running On Port 4000
2022-02-28T18:28:34.597Z  error: Request failed with status code 403
2022-02-28T18:28:46.677Z  error: Request failed with status code 403
2022-02-28T18:29:10.008Z  error: Request failed with status code 403
2022-02-28T18:29:26.890Z  info: Running On Port 4000
2022-02-28T18:29:32.117Z  error: Request failed with status code 403
2022-02-28T18:29:50.890Z  info: Running On Port 4000
2022-02-28T18:29:53.031Z  error: Request failed with status code 403
2022-02-28T18:30:12.561Z  info: Running On Port 4000
2022-02-28T18:30:57.304Z  info: Running On Port 4000
2022-02-28T18:30:58.154Z  error: Request failed with status code 403
2022-02-28T18:33:24.214Z  error: Request failed with status code 403
2022-02-28T18:33:34.923Z  info: Running On Port 4000
2022-02-28T18:33:42.145Z  error: Request failed with status code 403
2022-02-28T18:38:17.736Z  info: Running On Port 4000
2022-02-28T18:38:22.105Z  error: Request failed with status code 403
2022-02-28T18:38:41.573Z  error: Request failed with status code 403
2022-02-28T18:38:55.054Z  error: Request failed with status code 403
2022-02-28T18:39:21.634Z  info: Running On Port 4000
2022-02-28T18:39:23.825Z  error: Request failed with status code 403
2022-02-28T18:40:03.012Z  error: Request failed with status code 403
2022-02-28T18:40:24.862Z  error: Request failed with status code 403
2022-02-28T18:40:52.945Z  error: Request failed with status code 403
2022-02-28T18:41:12.833Z  error: Request failed with status code 403
2022-02-28T18:41:46.545Z  error: Request failed with status code 403
2022-02-28T18:42:26.585Z  info: Running On Port 4000
2022-02-28T18:42:29.020Z  error: Request failed with status code 403
2022-02-28T18:45:11.342Z  error: Request failed with status code 403
2022-02-28T18:47:09.618Z  error: Request failed with status code 403
2022-02-28T18:47:27.436Z  info: Running On Port 4000
2022-02-28T18:47:31.606Z  error: Request failed with status code 403
2022-02-28T18:49:17.671Z  info: Running On Port 4000
2022-02-28T18:49:20.112Z  error: Request failed with status code 403
2022-02-28T18:49:41.456Z  info: Running On Port 4000
2022-02-28T18:51:25.935Z  error: Request failed with status code 403
2022-02-28T18:51:54.033Z  error: Request failed with status code 403
2022-02-28T18:54:02.243Z  info: Running On Port 4000
2022-02-28T18:54:04.760Z  error: Request failed with status code 403
2022-02-28T18:55:43.916Z  error: Request failed with status code 403
2022-02-28T18:58:23.757Z  info: Running On Port 4000
