2022-02-25T14:36:44.979Z  error: unhandledRejection: Cannot read property 'statusCode' of undefined
TypeError: Cannot read property 'statusCode' of undefined
    at Function.convertToExpress (C:\Users\LeoMeo\Desktop\github-api\App\Application\Utils\HttpResponse.ts:18:36)
    at C:\Users\LeoMeo\Desktop\github-api\Http\Controllers\GithubController.ts:9:18
    at Generator.next (<anonymous>)
    at fulfilled (C:\Users\LeoMeo\Desktop\github-api\Http\Controllers\GithubController.ts:5:58)
    at processTicksAndRejections (internal/process/task_queues.js:95:5)
2022-02-28T12:37:02.172Z  error: unhandledRejection: Cannot read property 'statusCode' of undefined
TypeError: Cannot read property 'statusCode' of undefined
    at Function.convertToExpress (C:\Users\LeoMeo\Desktop\github-api\App\Application\Utils\HttpResponse.ts:18:36)
    at C:\Users\LeoMeo\Desktop\github-api\Http\Controllers\GithubController.ts:6:18
    at Generator.next (<anonymous>)
    at fulfilled (C:\Users\LeoMeo\Desktop\github-api\Http\Controllers\GithubController.ts:5:58)
    at processTicksAndRejections (internal/process/task_queues.js:95:5)
2022-02-28T12:37:59.434Z  error: unhandledRejection: Cannot read property 'statusCode' of undefined
TypeError: Cannot read property 'statusCode' of undefined
    at Function.convertToExpress (C:\Users\LeoMeo\Desktop\github-api\App\Application\Utils\HttpResponse.ts:18:36)
    at C:\Users\LeoMeo\Desktop\github-api\Http\Controllers\GithubController.ts:6:18
    at Generator.next (<anonymous>)
    at fulfilled (C:\Users\LeoMeo\Desktop\github-api\Http\Controllers\GithubController.ts:5:58)
    at processTicksAndRejections (internal/process/task_queues.js:95:5)
2022-02-28T12:39:38.893Z  error: unhandledRejection: Cannot read property 'statusCode' of undefined
TypeError: Cannot read property 'statusCode' of undefined
    at Function.convertToExpress (C:\Users\LeoMeo\Desktop\github-api\App\Application\Utils\HttpResponse.ts:18:36)
    at C:\Users\LeoMeo\Desktop\github-api\Http\Controllers\GithubController.ts:6:18
    at Generator.next (<anonymous>)
    at fulfilled (C:\Users\LeoMeo\Desktop\github-api\Http\Controllers\GithubController.ts:5:58)
    at processTicksAndRejections (internal/process/task_queues.js:95:5)
2022-02-28T12:45:50.128Z  error: unhandledRejection: Cannot read property 'statusCode' of undefined
TypeError: Cannot read property 'statusCode' of undefined
    at Function.convertToExpress (C:\Users\LeoMeo\Desktop\github-api\App\Application\Utils\HttpResponse.ts:18:36)
    at C:\Users\LeoMeo\Desktop\github-api\Http\Controllers\GithubController.ts:6:18
    at Generator.next (<anonymous>)
    at fulfilled (C:\Users\LeoMeo\Desktop\github-api\Http\Controllers\GithubController.ts:5:58)
    at processTicksAndRejections (internal/process/task_queues.js:95:5)
2022-02-28T17:10:16.244Z  error: uncaughtException: тип Unable to compile TypeScript:
[96mApp/Infrastructure/Services/GithubService.ts[0m:[93m19[0m:[93m26[0m - [91merror[0m[90m TS2554: [0mExpected 2 arguments, but got 1.

[7m19[0m       const pagination = new Pagination(perpage)
[7m  [0m [91m                         ~~~~~~~~~~~~~~~~~~~~~~~[0m

  [96mApp/Application/Utils/Pagination.ts[0m:[93m6[0m:[93m32[0m
    [7m6[0m     constructor(perpage:number,currentpage:number){
    [7m [0m [96m                               ~~~~~~~~~~~~~~~~~~[0m
    An argument for 'currentpage' was not provided.

TSError: тип Unable to compile TypeScript:
[96mApp/Infrastructure/Services/GithubService.ts[0m:[93m19[0m:[93m26[0m - [91merror[0m[90m TS2554: [0mExpected 2 arguments, but got 1.

[7m19[0m       const pagination = new Pagination(perpage)
[7m  [0m [91m                         ~~~~~~~~~~~~~~~~~~~~~~~[0m

  [96mApp/Application/Utils/Pagination.ts[0m:[93m6[0m:[93m32[0m
    [7m6[0m     constructor(perpage:number,currentpage:number){
    [7m [0m [96m                               ~~~~~~~~~~~~~~~~~~[0m
    An argument for 'currentpage' was not provided.

    at createTSError (C:\Users\LeoMeo\Desktop\github-api\node_modules\ts-node\src\index.ts:828:12)
    at reportTSError (C:\Users\LeoMeo\Desktop\github-api\node_modules\ts-node\src\index.ts:832:19)
    at getOutput (C:\Users\LeoMeo\Desktop\github-api\node_modules\ts-node\src\index.ts:1022:36)
    at Object.compile (C:\Users\LeoMeo\Desktop\github-api\node_modules\ts-node\src\index.ts:1326:43)
    at Module.m._compile (C:\Users\LeoMeo\Desktop\github-api\node_modules\ts-node\src\index.ts:1458:30)
    at Module._extensions..js (internal/modules/cjs/loader.js:1114:10)
    at Object.require.extensions.<computed> [as .ts] (C:\Users\LeoMeo\Desktop\github-api\node_modules\ts-node\src\index.ts:1462:12)
    at Module.load (internal/modules/cjs/loader.js:950:32)
    at Function.Module._load (internal/modules/cjs/loader.js:790:12)
    at Module.require (internal/modules/cjs/loader.js:974:19)
2022-02-28T17:10:37.271Z  error: uncaughtException: тип Unable to compile TypeScript:
[96mApp/Application/Utils/PaginationCollection.ts[0m:[93m10[0m:[93m5[0m - [91merror[0m[90m TS2322: [0mType 'number | undefined' is not assignable to type 'number'.
  Type 'undefined' is not assignable to type 'number'.

[7m10[0m     this.currentPage = pagination.currentpage;
[7m  [0m [91m    ~~~~~~~~~~~~~~~~[0m

TSError: тип Unable to compile TypeScript:
[96mApp/Application/Utils/PaginationCollection.ts[0m:[93m10[0m:[93m5[0m - [91merror[0m[90m TS2322: [0mType 'number | undefined' is not assignable to type 'number'.
  Type 'undefined' is not assignable to type 'number'.

[7m10[0m     this.currentPage = pagination.currentpage;
[7m  [0m [91m    ~~~~~~~~~~~~~~~~[0m

    at createTSError (C:\Users\LeoMeo\Desktop\github-api\node_modules\ts-node\src\index.ts:828:12)
    at reportTSError (C:\Users\LeoMeo\Desktop\github-api\node_modules\ts-node\src\index.ts:832:19)
    at getOutput (C:\Users\LeoMeo\Desktop\github-api\node_modules\ts-node\src\index.ts:1022:36)
    at Object.compile (C:\Users\LeoMeo\Desktop\github-api\node_modules\ts-node\src\index.ts:1326:43)
    at Module.m._compile (C:\Users\LeoMeo\Desktop\github-api\node_modules\ts-node\src\index.ts:1458:30)
    at Module._extensions..js (internal/modules/cjs/loader.js:1114:10)
    at Object.require.extensions.<computed> [as .ts] (C:\Users\LeoMeo\Desktop\github-api\node_modules\ts-node\src\index.ts:1462:12)
    at Module.load (internal/modules/cjs/loader.js:950:32)
    at Function.Module._load (internal/modules/cjs/loader.js:790:12)
    at Module.require (internal/modules/cjs/loader.js:974:19)
2022-02-28T17:21:29.893Z  error: uncaughtException: тип Unable to compile TypeScript:
[96mApp/Application/Utils/PaginationCollection.ts[0m:[93m10[0m:[93m5[0m - [91merror[0m[90m TS2322: [0mType 'number | undefined' is not assignable to type 'number'.
  Type 'undefined' is not assignable to type 'number'.

[7m10[0m     this.currentPage = pagination.currentpage;
[7m  [0m [91m    ~~~~~~~~~~~~~~~~[0m

TSError: тип Unable to compile TypeScript:
[96mApp/Application/Utils/PaginationCollection.ts[0m:[93m10[0m:[93m5[0m - [91merror[0m[90m TS2322: [0mType 'number | undefined' is not assignable to type 'number'.
  Type 'undefined' is not assignable to type 'number'.

[7m10[0m     this.currentPage = pagination.currentpage;
[7m  [0m [91m    ~~~~~~~~~~~~~~~~[0m

    at createTSError (C:\Users\LeoMeo\Desktop\github-api\node_modules\ts-node\src\index.ts:828:12)
    at reportTSError (C:\Users\LeoMeo\Desktop\github-api\node_modules\ts-node\src\index.ts:832:19)
    at getOutput (C:\Users\LeoMeo\Desktop\github-api\node_modules\ts-node\src\index.ts:1022:36)
    at Object.compile (C:\Users\LeoMeo\Desktop\github-api\node_modules\ts-node\src\index.ts:1326:43)
    at Module.m._compile (C:\Users\LeoMeo\Desktop\github-api\node_modules\ts-node\src\index.ts:1458:30)
    at Module._extensions..js (internal/modules/cjs/loader.js:1114:10)
    at Object.require.extensions.<computed> [as .ts] (C:\Users\LeoMeo\Desktop\github-api\node_modules\ts-node\src\index.ts:1462:12)
    at Module.load (internal/modules/cjs/loader.js:950:32)
    at Function.Module._load (internal/modules/cjs/loader.js:790:12)
    at Module.require (internal/modules/cjs/loader.js:974:19)
2022-02-28T17:21:52.990Z  error: uncaughtException: тип Unable to compile TypeScript:
[96mApp/Application/Utils/PaginationCollection.ts[0m:[93m10[0m:[93m5[0m - [91merror[0m[90m TS2322: [0mType 'number | undefined' is not assignable to type 'number'.
  Type 'undefined' is not assignable to type 'number'.

[7m10[0m     this.currentPage = pagination.currentpage;
[7m  [0m [91m    ~~~~~~~~~~~~~~~~[0m

TSError: тип Unable to compile TypeScript:
[96mApp/Application/Utils/PaginationCollection.ts[0m:[93m10[0m:[93m5[0m - [91merror[0m[90m TS2322: [0mType 'number | undefined' is not assignable to type 'number'.
  Type 'undefined' is not assignable to type 'number'.

[7m10[0m     this.currentPage = pagination.currentpage;
[7m  [0m [91m    ~~~~~~~~~~~~~~~~[0m

    at createTSError (C:\Users\LeoMeo\Desktop\github-api\node_modules\ts-node\src\index.ts:828:12)
    at reportTSError (C:\Users\LeoMeo\Desktop\github-api\node_modules\ts-node\src\index.ts:832:19)
    at getOutput (C:\Users\LeoMeo\Desktop\github-api\node_modules\ts-node\src\index.ts:1022:36)
    at Object.compile (C:\Users\LeoMeo\Desktop\github-api\node_modules\ts-node\src\index.ts:1326:43)
    at Module.m._compile (C:\Users\LeoMeo\Desktop\github-api\node_modules\ts-node\src\index.ts:1458:30)
    at Module._extensions..js (internal/modules/cjs/loader.js:1114:10)
    at Object.require.extensions.<computed> [as .ts] (C:\Users\LeoMeo\Desktop\github-api\node_modules\ts-node\src\index.ts:1462:12)
    at Module.load (internal/modules/cjs/loader.js:950:32)
    at Function.Module._load (internal/modules/cjs/loader.js:790:12)
    at Module.require (internal/modules/cjs/loader.js:974:19)
2022-02-28T17:22:08.548Z  error: uncaughtException: тип Unable to compile TypeScript:
[96mApp/Application/Utils/PaginationCollection.ts[0m:[93m10[0m:[93m5[0m - [91merror[0m[90m TS2322: [0mType 'number | undefined' is not assignable to type 'number'.
  Type 'undefined' is not assignable to type 'number'.

[7m10[0m     this.currentPage = pagination.currentpage;
[7m  [0m [91m    ~~~~~~~~~~~~~~~~[0m

TSError: тип Unable to compile TypeScript:
[96mApp/Application/Utils/PaginationCollection.ts[0m:[93m10[0m:[93m5[0m - [91merror[0m[90m TS2322: [0mType 'number | undefined' is not assignable to type 'number'.
  Type 'undefined' is not assignable to type 'number'.

[7m10[0m     this.currentPage = pagination.currentpage;
[7m  [0m [91m    ~~~~~~~~~~~~~~~~[0m

    at createTSError (C:\Users\LeoMeo\Desktop\github-api\node_modules\ts-node\src\index.ts:828:12)
    at reportTSError (C:\Users\LeoMeo\Desktop\github-api\node_modules\ts-node\src\index.ts:832:19)
    at getOutput (C:\Users\LeoMeo\Desktop\github-api\node_modules\ts-node\src\index.ts:1022:36)
    at Object.compile (C:\Users\LeoMeo\Desktop\github-api\node_modules\ts-node\src\index.ts:1326:43)
    at Module.m._compile (C:\Users\LeoMeo\Desktop\github-api\node_modules\ts-node\src\index.ts:1458:30)
    at Module._extensions..js (internal/modules/cjs/loader.js:1114:10)
    at Object.require.extensions.<computed> [as .ts] (C:\Users\LeoMeo\Desktop\github-api\node_modules\ts-node\src\index.ts:1462:12)
    at Module.load (internal/modules/cjs/loader.js:950:32)
    at Function.Module._load (internal/modules/cjs/loader.js:790:12)
    at Module.require (internal/modules/cjs/loader.js:974:19)
2022-02-28T17:22:19.555Z  error: uncaughtException: тип Unable to compile TypeScript:
[96mApp/Application/Utils/PaginationCollection.ts[0m:[93m10[0m:[93m5[0m - [91merror[0m[90m TS2322: [0mType 'number | undefined' is not assignable to type 'number'.
  Type 'undefined' is not assignable to type 'number'.

[7m10[0m     this.currentPage = pagination.currentpage;
[7m  [0m [91m    ~~~~~~~~~~~~~~~~[0m

TSError: тип Unable to compile TypeScript:
[96mApp/Application/Utils/PaginationCollection.ts[0m:[93m10[0m:[93m5[0m - [91merror[0m[90m TS2322: [0mType 'number | undefined' is not assignable to type 'number'.
  Type 'undefined' is not assignable to type 'number'.

[7m10[0m     this.currentPage = pagination.currentpage;
[7m  [0m [91m    ~~~~~~~~~~~~~~~~[0m

    at createTSError (C:\Users\LeoMeo\Desktop\github-api\node_modules\ts-node\src\index.ts:828:12)
    at reportTSError (C:\Users\LeoMeo\Desktop\github-api\node_modules\ts-node\src\index.ts:832:19)
    at getOutput (C:\Users\LeoMeo\Desktop\github-api\node_modules\ts-node\src\index.ts:1022:36)
    at Object.compile (C:\Users\LeoMeo\Desktop\github-api\node_modules\ts-node\src\index.ts:1326:43)
    at Module.m._compile (C:\Users\LeoMeo\Desktop\github-api\node_modules\ts-node\src\index.ts:1458:30)
    at Module._extensions..js (internal/modules/cjs/loader.js:1114:10)
    at Object.require.extensions.<computed> [as .ts] (C:\Users\LeoMeo\Desktop\github-api\node_modules\ts-node\src\index.ts:1462:12)
    at Module.load (internal/modules/cjs/loader.js:950:32)
    at Function.Module._load (internal/modules/cjs/loader.js:790:12)
    at Module.require (internal/modules/cjs/loader.js:974:19)
2022-02-28T17:22:35.694Z  error: uncaughtException: тип Unable to compile TypeScript:
[96mApp/Application/Utils/PaginationCollection.ts[0m:[93m10[0m:[93m5[0m - [91merror[0m[90m TS2322: [0mType 'number | undefined' is not assignable to type 'number'.
  Type 'undefined' is not assignable to type 'number'.

[7m10[0m     this.currentPage = pagination.currentpage;
[7m  [0m [91m    ~~~~~~~~~~~~~~~~[0m

TSError: тип Unable to compile TypeScript:
[96mApp/Application/Utils/PaginationCollection.ts[0m:[93m10[0m:[93m5[0m - [91merror[0m[90m TS2322: [0mType 'number | undefined' is not assignable to type 'number'.
  Type 'undefined' is not assignable to type 'number'.

[7m10[0m     this.currentPage = pagination.currentpage;
[7m  [0m [91m    ~~~~~~~~~~~~~~~~[0m

    at createTSError (C:\Users\LeoMeo\Desktop\github-api\node_modules\ts-node\src\index.ts:828:12)
    at reportTSError (C:\Users\LeoMeo\Desktop\github-api\node_modules\ts-node\src\index.ts:832:19)
    at getOutput (C:\Users\LeoMeo\Desktop\github-api\node_modules\ts-node\src\index.ts:1022:36)
    at Object.compile (C:\Users\LeoMeo\Desktop\github-api\node_modules\ts-node\src\index.ts:1326:43)
    at Module.m._compile (C:\Users\LeoMeo\Desktop\github-api\node_modules\ts-node\src\index.ts:1458:30)
    at Module._extensions..js (internal/modules/cjs/loader.js:1114:10)
    at Object.require.extensions.<computed> [as .ts] (C:\Users\LeoMeo\Desktop\github-api\node_modules\ts-node\src\index.ts:1462:12)
    at Module.load (internal/modules/cjs/loader.js:950:32)
    at Function.Module._load (internal/modules/cjs/loader.js:790:12)
    at Module.require (internal/modules/cjs/loader.js:974:19)
2022-02-28T17:23:04.917Z  error: uncaughtException: тип Unable to compile TypeScript:
[96mApp/Application/Utils/PaginationCollection.ts[0m:[93m10[0m:[93m5[0m - [91merror[0m[90m TS2322: [0mType 'number | undefined' is not assignable to type 'number'.
  Type 'undefined' is not assignable to type 'number'.

[7m10[0m     this.currentPage = pagination.currentpage;
[7m  [0m [91m    ~~~~~~~~~~~~~~~~[0m

TSError: тип Unable to compile TypeScript:
[96mApp/Application/Utils/PaginationCollection.ts[0m:[93m10[0m:[93m5[0m - [91merror[0m[90m TS2322: [0mType 'number | undefined' is not assignable to type 'number'.
  Type 'undefined' is not assignable to type 'number'.

[7m10[0m     this.currentPage = pagination.currentpage;
[7m  [0m [91m    ~~~~~~~~~~~~~~~~[0m

    at createTSError (C:\Users\LeoMeo\Desktop\github-api\node_modules\ts-node\src\index.ts:828:12)
    at reportTSError (C:\Users\LeoMeo\Desktop\github-api\node_modules\ts-node\src\index.ts:832:19)
    at getOutput (C:\Users\LeoMeo\Desktop\github-api\node_modules\ts-node\src\index.ts:1022:36)
    at Object.compile (C:\Users\LeoMeo\Desktop\github-api\node_modules\ts-node\src\index.ts:1326:43)
    at Module.m._compile (C:\Users\LeoMeo\Desktop\github-api\node_modules\ts-node\src\index.ts:1458:30)
    at Module._extensions..js (internal/modules/cjs/loader.js:1114:10)
    at Object.require.extensions.<computed> [as .ts] (C:\Users\LeoMeo\Desktop\github-api\node_modules\ts-node\src\index.ts:1462:12)
    at Module.load (internal/modules/cjs/loader.js:950:32)
    at Function.Module._load (internal/modules/cjs/loader.js:790:12)
    at Module.require (internal/modules/cjs/loader.js:974:19)
2022-02-28T17:23:23.978Z  error: uncaughtException: тип Unable to compile TypeScript:
[96mApp/Application/Utils/PaginationCollection.ts[0m:[93m10[0m:[93m5[0m - [91merror[0m[90m TS2322: [0mType 'number | undefined' is not assignable to type 'number'.
  Type 'undefined' is not assignable to type 'number'.

[7m10[0m     this.currentPage = pagination.currentpage;
[7m  [0m [91m    ~~~~~~~~~~~~~~~~[0m

TSError: тип Unable to compile TypeScript:
[96mApp/Application/Utils/PaginationCollection.ts[0m:[93m10[0m:[93m5[0m - [91merror[0m[90m TS2322: [0mType 'number | undefined' is not assignable to type 'number'.
  Type 'undefined' is not assignable to type 'number'.

[7m10[0m     this.currentPage = pagination.currentpage;
[7m  [0m [91m    ~~~~~~~~~~~~~~~~[0m

    at createTSError (C:\Users\LeoMeo\Desktop\github-api\node_modules\ts-node\src\index.ts:828:12)
    at reportTSError (C:\Users\LeoMeo\Desktop\github-api\node_modules\ts-node\src\index.ts:832:19)
    at getOutput (C:\Users\LeoMeo\Desktop\github-api\node_modules\ts-node\src\index.ts:1022:36)
    at Object.compile (C:\Users\LeoMeo\Desktop\github-api\node_modules\ts-node\src\index.ts:1326:43)
    at Module.m._compile (C:\Users\LeoMeo\Desktop\github-api\node_modules\ts-node\src\index.ts:1458:30)
    at Module._extensions..js (internal/modules/cjs/loader.js:1114:10)
    at Object.require.extensions.<computed> [as .ts] (C:\Users\LeoMeo\Desktop\github-api\node_modules\ts-node\src\index.ts:1462:12)
    at Module.load (internal/modules/cjs/loader.js:950:32)
    at Function.Module._load (internal/modules/cjs/loader.js:790:12)
    at Module.require (internal/modules/cjs/loader.js:974:19)
2022-02-28T17:23:51.283Z  error: uncaughtException: тип Unable to compile TypeScript:
[96mApp/Application/Utils/PaginationCollection.ts[0m:[93m10[0m:[93m5[0m - [91merror[0m[90m TS2322: [0mType 'number | undefined' is not assignable to type 'number'.
  Type 'undefined' is not assignable to type 'number'.

[7m10[0m     this.currentPage = pagination.currentpage;
[7m  [0m [91m    ~~~~~~~~~~~~~~~~[0m

TSError: тип Unable to compile TypeScript:
[96mApp/Application/Utils/PaginationCollection.ts[0m:[93m10[0m:[93m5[0m - [91merror[0m[90m TS2322: [0mType 'number | undefined' is not assignable to type 'number'.
  Type 'undefined' is not assignable to type 'number'.

[7m10[0m     this.currentPage = pagination.currentpage;
[7m  [0m [91m    ~~~~~~~~~~~~~~~~[0m

    at createTSError (C:\Users\LeoMeo\Desktop\github-api\node_modules\ts-node\src\index.ts:828:12)
    at reportTSError (C:\Users\LeoMeo\Desktop\github-api\node_modules\ts-node\src\index.ts:832:19)
    at getOutput (C:\Users\LeoMeo\Desktop\github-api\node_modules\ts-node\src\index.ts:1022:36)
    at Object.compile (C:\Users\LeoMeo\Desktop\github-api\node_modules\ts-node\src\index.ts:1326:43)
    at Module.m._compile (C:\Users\LeoMeo\Desktop\github-api\node_modules\ts-node\src\index.ts:1458:30)
    at Module._extensions..js (internal/modules/cjs/loader.js:1114:10)
    at Object.require.extensions.<computed> [as .ts] (C:\Users\LeoMeo\Desktop\github-api\node_modules\ts-node\src\index.ts:1462:12)
    at Module.load (internal/modules/cjs/loader.js:950:32)
    at Function.Module._load (internal/modules/cjs/loader.js:790:12)
    at Module.require (internal/modules/cjs/loader.js:974:19)
2022-02-28T17:23:57.033Z  error: uncaughtException: тип Unable to compile TypeScript:
[96mApp/Application/Utils/PaginationCollection.ts[0m:[93m10[0m:[93m5[0m - [91merror[0m[90m TS2322: [0mType 'number | undefined' is not assignable to type 'number'.
  Type 'undefined' is not assignable to type 'number'.

[7m10[0m     this.currentPage = pagination.currentpage;
[7m  [0m [91m    ~~~~~~~~~~~~~~~~[0m

TSError: тип Unable to compile TypeScript:
[96mApp/Application/Utils/PaginationCollection.ts[0m:[93m10[0m:[93m5[0m - [91merror[0m[90m TS2322: [0mType 'number | undefined' is not assignable to type 'number'.
  Type 'undefined' is not assignable to type 'number'.

[7m10[0m     this.currentPage = pagination.currentpage;
[7m  [0m [91m    ~~~~~~~~~~~~~~~~[0m

    at createTSError (C:\Users\LeoMeo\Desktop\github-api\node_modules\ts-node\src\index.ts:828:12)
    at reportTSError (C:\Users\LeoMeo\Desktop\github-api\node_modules\ts-node\src\index.ts:832:19)
    at getOutput (C:\Users\LeoMeo\Desktop\github-api\node_modules\ts-node\src\index.ts:1022:36)
    at Object.compile (C:\Users\LeoMeo\Desktop\github-api\node_modules\ts-node\src\index.ts:1326:43)
    at Module.m._compile (C:\Users\LeoMeo\Desktop\github-api\node_modules\ts-node\src\index.ts:1458:30)
    at Module._extensions..js (internal/modules/cjs/loader.js:1114:10)
    at Object.require.extensions.<computed> [as .ts] (C:\Users\LeoMeo\Desktop\github-api\node_modules\ts-node\src\index.ts:1462:12)
    at Module.load (internal/modules/cjs/loader.js:950:32)
    at Function.Module._load (internal/modules/cjs/loader.js:790:12)
    at Module.require (internal/modules/cjs/loader.js:974:19)
2022-02-28T17:24:34.295Z  error: uncaughtException: тип Unable to compile TypeScript:
[96mApp/Application/Utils/PaginationCollection.ts[0m:[93m10[0m:[93m5[0m - [91merror[0m[90m TS2322: [0mType 'number | undefined' is not assignable to type 'number'.
  Type 'undefined' is not assignable to type 'number'.

[7m10[0m     this.currentPage = pagination.currentpage;
[7m  [0m [91m    ~~~~~~~~~~~~~~~~[0m

TSError: тип Unable to compile TypeScript:
[96mApp/Application/Utils/PaginationCollection.ts[0m:[93m10[0m:[93m5[0m - [91merror[0m[90m TS2322: [0mType 'number | undefined' is not assignable to type 'number'.
  Type 'undefined' is not assignable to type 'number'.

[7m10[0m     this.currentPage = pagination.currentpage;
[7m  [0m [91m    ~~~~~~~~~~~~~~~~[0m

    at createTSError (C:\Users\LeoMeo\Desktop\github-api\node_modules\ts-node\src\index.ts:828:12)
    at reportTSError (C:\Users\LeoMeo\Desktop\github-api\node_modules\ts-node\src\index.ts:832:19)
    at getOutput (C:\Users\LeoMeo\Desktop\github-api\node_modules\ts-node\src\index.ts:1022:36)
    at Object.compile (C:\Users\LeoMeo\Desktop\github-api\node_modules\ts-node\src\index.ts:1326:43)
    at Module.m._compile (C:\Users\LeoMeo\Desktop\github-api\node_modules\ts-node\src\index.ts:1458:30)
    at Module._extensions..js (internal/modules/cjs/loader.js:1114:10)
    at Object.require.extensions.<computed> [as .ts] (C:\Users\LeoMeo\Desktop\github-api\node_modules\ts-node\src\index.ts:1462:12)
    at Module.load (internal/modules/cjs/loader.js:950:32)
    at Function.Module._load (internal/modules/cjs/loader.js:790:12)
    at Module.require (internal/modules/cjs/loader.js:974:19)
2022-02-28T17:25:24.307Z  error: uncaughtException: тип Unable to compile TypeScript:
[96mApp/Application/Utils/PaginationCollection.ts[0m:[93m10[0m:[93m5[0m - [91merror[0m[90m TS2322: [0mType 'number | undefined' is not assignable to type 'number'.
  Type 'undefined' is not assignable to type 'number'.

[7m10[0m     this.currentPage = pagination.currentpage;
[7m  [0m [91m    ~~~~~~~~~~~~~~~~[0m

TSError: тип Unable to compile TypeScript:
[96mApp/Application/Utils/PaginationCollection.ts[0m:[93m10[0m:[93m5[0m - [91merror[0m[90m TS2322: [0mType 'number | undefined' is not assignable to type 'number'.
  Type 'undefined' is not assignable to type 'number'.

[7m10[0m     this.currentPage = pagination.currentpage;
[7m  [0m [91m    ~~~~~~~~~~~~~~~~[0m

    at createTSError (C:\Users\LeoMeo\Desktop\github-api\node_modules\ts-node\src\index.ts:828:12)
    at reportTSError (C:\Users\LeoMeo\Desktop\github-api\node_modules\ts-node\src\index.ts:832:19)
    at getOutput (C:\Users\LeoMeo\Desktop\github-api\node_modules\ts-node\src\index.ts:1022:36)
    at Object.compile (C:\Users\LeoMeo\Desktop\github-api\node_modules\ts-node\src\index.ts:1326:43)
    at Module.m._compile (C:\Users\LeoMeo\Desktop\github-api\node_modules\ts-node\src\index.ts:1458:30)
    at Module._extensions..js (internal/modules/cjs/loader.js:1114:10)
    at Object.require.extensions.<computed> [as .ts] (C:\Users\LeoMeo\Desktop\github-api\node_modules\ts-node\src\index.ts:1462:12)
    at Module.load (internal/modules/cjs/loader.js:950:32)
    at Function.Module._load (internal/modules/cjs/loader.js:790:12)
    at Module.require (internal/modules/cjs/loader.js:974:19)
2022-02-28T17:27:07.616Z  error: uncaughtException: тип Unable to compile TypeScript:
[96mApp/Application/Utils/PaginationCollection.ts[0m:[93m10[0m:[93m5[0m - [91merror[0m[90m TS2322: [0mType 'number | undefined' is not assignable to type 'number'.
  Type 'undefined' is not assignable to type 'number'.

[7m10[0m     this.currentPage = pagination.currentpage;
[7m  [0m [91m    ~~~~~~~~~~~~~~~~[0m

TSError: тип Unable to compile TypeScript:
[96mApp/Application/Utils/PaginationCollection.ts[0m:[93m10[0m:[93m5[0m - [91merror[0m[90m TS2322: [0mType 'number | undefined' is not assignable to type 'number'.
  Type 'undefined' is not assignable to type 'number'.

[7m10[0m     this.currentPage = pagination.currentpage;
[7m  [0m [91m    ~~~~~~~~~~~~~~~~[0m

    at createTSError (C:\Users\LeoMeo\Desktop\github-api\node_modules\ts-node\src\index.ts:828:12)
    at reportTSError (C:\Users\LeoMeo\Desktop\github-api\node_modules\ts-node\src\index.ts:832:19)
    at getOutput (C:\Users\LeoMeo\Desktop\github-api\node_modules\ts-node\src\index.ts:1022:36)
    at Object.compile (C:\Users\LeoMeo\Desktop\github-api\node_modules\ts-node\src\index.ts:1326:43)
    at Module.m._compile (C:\Users\LeoMeo\Desktop\github-api\node_modules\ts-node\src\index.ts:1458:30)
    at Module._extensions..js (internal/modules/cjs/loader.js:1114:10)
    at Object.require.extensions.<computed> [as .ts] (C:\Users\LeoMeo\Desktop\github-api\node_modules\ts-node\src\index.ts:1462:12)
    at Module.load (internal/modules/cjs/loader.js:950:32)
    at Function.Module._load (internal/modules/cjs/loader.js:790:12)
    at Module.require (internal/modules/cjs/loader.js:974:19)
2022-02-28T17:27:32.079Z  error: uncaughtException: тип Unable to compile TypeScript:
[96mApp/Application/Utils/PaginationCollection.ts[0m:[93m10[0m:[93m5[0m - [91merror[0m[90m TS2322: [0mType 'number | undefined' is not assignable to type 'number'.
  Type 'undefined' is not assignable to type 'number'.

[7m10[0m     this.currentPage = pagination.currentpage;
[7m  [0m [91m    ~~~~~~~~~~~~~~~~[0m

TSError: тип Unable to compile TypeScript:
[96mApp/Application/Utils/PaginationCollection.ts[0m:[93m10[0m:[93m5[0m - [91merror[0m[90m TS2322: [0mType 'number | undefined' is not assignable to type 'number'.
  Type 'undefined' is not assignable to type 'number'.

[7m10[0m     this.currentPage = pagination.currentpage;
[7m  [0m [91m    ~~~~~~~~~~~~~~~~[0m

    at createTSError (C:\Users\LeoMeo\Desktop\github-api\node_modules\ts-node\src\index.ts:828:12)
    at reportTSError (C:\Users\LeoMeo\Desktop\github-api\node_modules\ts-node\src\index.ts:832:19)
    at getOutput (C:\Users\LeoMeo\Desktop\github-api\node_modules\ts-node\src\index.ts:1022:36)
    at Object.compile (C:\Users\LeoMeo\Desktop\github-api\node_modules\ts-node\src\index.ts:1326:43)
    at Module.m._compile (C:\Users\LeoMeo\Desktop\github-api\node_modules\ts-node\src\index.ts:1458:30)
    at Module._extensions..js (internal/modules/cjs/loader.js:1114:10)
    at Object.require.extensions.<computed> [as .ts] (C:\Users\LeoMeo\Desktop\github-api\node_modules\ts-node\src\index.ts:1462:12)
    at Module.load (internal/modules/cjs/loader.js:950:32)
    at Function.Module._load (internal/modules/cjs/loader.js:790:12)
    at Module.require (internal/modules/cjs/loader.js:974:19)
2022-02-28T17:28:32.009Z  error: uncaughtException: тип Unable to compile TypeScript:
[96mApp/Application/Utils/PaginationCollection.ts[0m:[93m10[0m:[93m5[0m - [91merror[0m[90m TS2322: [0mType 'number | undefined' is not assignable to type 'number'.
  Type 'undefined' is not assignable to type 'number'.

[7m10[0m     this.currentPage = pagination.currentpage;
[7m  [0m [91m    ~~~~~~~~~~~~~~~~[0m

TSError: тип Unable to compile TypeScript:
[96mApp/Application/Utils/PaginationCollection.ts[0m:[93m10[0m:[93m5[0m - [91merror[0m[90m TS2322: [0mType 'number | undefined' is not assignable to type 'number'.
  Type 'undefined' is not assignable to type 'number'.

[7m10[0m     this.currentPage = pagination.currentpage;
[7m  [0m [91m    ~~~~~~~~~~~~~~~~[0m

    at createTSError (C:\Users\LeoMeo\Desktop\github-api\node_modules\ts-node\src\index.ts:828:12)
    at reportTSError (C:\Users\LeoMeo\Desktop\github-api\node_modules\ts-node\src\index.ts:832:19)
    at getOutput (C:\Users\LeoMeo\Desktop\github-api\node_modules\ts-node\src\index.ts:1022:36)
    at Object.compile (C:\Users\LeoMeo\Desktop\github-api\node_modules\ts-node\src\index.ts:1326:43)
    at Module.m._compile (C:\Users\LeoMeo\Desktop\github-api\node_modules\ts-node\src\index.ts:1458:30)
    at Module._extensions..js (internal/modules/cjs/loader.js:1114:10)
    at Object.require.extensions.<computed> [as .ts] (C:\Users\LeoMeo\Desktop\github-api\node_modules\ts-node\src\index.ts:1462:12)
    at Module.load (internal/modules/cjs/loader.js:950:32)
    at Function.Module._load (internal/modules/cjs/loader.js:790:12)
    at Module.require (internal/modules/cjs/loader.js:974:19)
2022-02-28T17:30:01.271Z  error: uncaughtException: тип Unable to compile TypeScript:
[96mApp/Application/Utils/PaginationCollection.ts[0m:[93m10[0m:[93m5[0m - [91merror[0m[90m TS2322: [0mType 'number | undefined' is not assignable to type 'number'.
  Type 'undefined' is not assignable to type 'number'.

[7m10[0m     this.currentPage = pagination.currentpage;
[7m  [0m [91m    ~~~~~~~~~~~~~~~~[0m

TSError: тип Unable to compile TypeScript:
[96mApp/Application/Utils/PaginationCollection.ts[0m:[93m10[0m:[93m5[0m - [91merror[0m[90m TS2322: [0mType 'number | undefined' is not assignable to type 'number'.
  Type 'undefined' is not assignable to type 'number'.

[7m10[0m     this.currentPage = pagination.currentpage;
[7m  [0m [91m    ~~~~~~~~~~~~~~~~[0m

    at createTSError (C:\Users\LeoMeo\Desktop\github-api\node_modules\ts-node\src\index.ts:828:12)
    at reportTSError (C:\Users\LeoMeo\Desktop\github-api\node_modules\ts-node\src\index.ts:832:19)
    at getOutput (C:\Users\LeoMeo\Desktop\github-api\node_modules\ts-node\src\index.ts:1022:36)
    at Object.compile (C:\Users\LeoMeo\Desktop\github-api\node_modules\ts-node\src\index.ts:1326:43)
    at Module.m._compile (C:\Users\LeoMeo\Desktop\github-api\node_modules\ts-node\src\index.ts:1458:30)
    at Module._extensions..js (internal/modules/cjs/loader.js:1114:10)
    at Object.require.extensions.<computed> [as .ts] (C:\Users\LeoMeo\Desktop\github-api\node_modules\ts-node\src\index.ts:1462:12)
    at Module.load (internal/modules/cjs/loader.js:950:32)
    at Function.Module._load (internal/modules/cjs/loader.js:790:12)
    at Module.require (internal/modules/cjs/loader.js:974:19)
2022-02-28T17:30:49.107Z  error: uncaughtException: тип Unable to compile TypeScript:
[96mApp/Application/Utils/PaginationCollection.ts[0m:[93m10[0m:[93m5[0m - [91merror[0m[90m TS2322: [0mType 'number | undefined' is not assignable to type 'number'.
  Type 'undefined' is not assignable to type 'number'.

[7m10[0m     this.currentPage = pagination.currentpage;
[7m  [0m [91m    ~~~~~~~~~~~~~~~~[0m

TSError: тип Unable to compile TypeScript:
[96mApp/Application/Utils/PaginationCollection.ts[0m:[93m10[0m:[93m5[0m - [91merror[0m[90m TS2322: [0mType 'number | undefined' is not assignable to type 'number'.
  Type 'undefined' is not assignable to type 'number'.

[7m10[0m     this.currentPage = pagination.currentpage;
[7m  [0m [91m    ~~~~~~~~~~~~~~~~[0m

    at createTSError (C:\Users\LeoMeo\Desktop\github-api\node_modules\ts-node\src\index.ts:828:12)
    at reportTSError (C:\Users\LeoMeo\Desktop\github-api\node_modules\ts-node\src\index.ts:832:19)
    at getOutput (C:\Users\LeoMeo\Desktop\github-api\node_modules\ts-node\src\index.ts:1022:36)
    at Object.compile (C:\Users\LeoMeo\Desktop\github-api\node_modules\ts-node\src\index.ts:1326:43)
    at Module.m._compile (C:\Users\LeoMeo\Desktop\github-api\node_modules\ts-node\src\index.ts:1458:30)
    at Module._extensions..js (internal/modules/cjs/loader.js:1114:10)
    at Object.require.extensions.<computed> [as .ts] (C:\Users\LeoMeo\Desktop\github-api\node_modules\ts-node\src\index.ts:1462:12)
    at Module.load (internal/modules/cjs/loader.js:950:32)
    at Function.Module._load (internal/modules/cjs/loader.js:790:12)
    at Module.require (internal/modules/cjs/loader.js:974:19)
2022-02-28T17:31:13.882Z  error: uncaughtException: тип Unable to compile TypeScript:
[96mApp/Application/Utils/PaginationCollection.ts[0m:[93m10[0m:[93m5[0m - [91merror[0m[90m TS2322: [0mType 'number | undefined' is not assignable to type 'number'.
  Type 'undefined' is not assignable to type 'number'.

[7m10[0m     this.currentPage = pagination.currentpage;
[7m  [0m [91m    ~~~~~~~~~~~~~~~~[0m

TSError: тип Unable to compile TypeScript:
[96mApp/Application/Utils/PaginationCollection.ts[0m:[93m10[0m:[93m5[0m - [91merror[0m[90m TS2322: [0mType 'number | undefined' is not assignable to type 'number'.
  Type 'undefined' is not assignable to type 'number'.

[7m10[0m     this.currentPage = pagination.currentpage;
[7m  [0m [91m    ~~~~~~~~~~~~~~~~[0m

    at createTSError (C:\Users\LeoMeo\Desktop\github-api\node_modules\ts-node\src\index.ts:828:12)
    at reportTSError (C:\Users\LeoMeo\Desktop\github-api\node_modules\ts-node\src\index.ts:832:19)
    at getOutput (C:\Users\LeoMeo\Desktop\github-api\node_modules\ts-node\src\index.ts:1022:36)
    at Object.compile (C:\Users\LeoMeo\Desktop\github-api\node_modules\ts-node\src\index.ts:1326:43)
    at Module.m._compile (C:\Users\LeoMeo\Desktop\github-api\node_modules\ts-node\src\index.ts:1458:30)
    at Module._extensions..js (internal/modules/cjs/loader.js:1114:10)
    at Object.require.extensions.<computed> [as .ts] (C:\Users\LeoMeo\Desktop\github-api\node_modules\ts-node\src\index.ts:1462:12)
    at Module.load (internal/modules/cjs/loader.js:950:32)
    at Function.Module._load (internal/modules/cjs/loader.js:790:12)
    at Module.require (internal/modules/cjs/loader.js:974:19)
2022-02-28T17:32:10.239Z  error: uncaughtException: тип Unable to compile TypeScript:
[96mApp/Application/Utils/PaginationCollection.ts[0m:[93m10[0m:[93m5[0m - [91merror[0m[90m TS2322: [0mType 'number | undefined' is not assignable to type 'number'.
  Type 'undefined' is not assignable to type 'number'.

[7m10[0m     this.currentPage = pagination.currentpage;
[7m  [0m [91m    ~~~~~~~~~~~~~~~~[0m

TSError: тип Unable to compile TypeScript:
[96mApp/Application/Utils/PaginationCollection.ts[0m:[93m10[0m:[93m5[0m - [91merror[0m[90m TS2322: [0mType 'number | undefined' is not assignable to type 'number'.
  Type 'undefined' is not assignable to type 'number'.

[7m10[0m     this.currentPage = pagination.currentpage;
[7m  [0m [91m    ~~~~~~~~~~~~~~~~[0m

    at createTSError (C:\Users\LeoMeo\Desktop\github-api\node_modules\ts-node\src\index.ts:828:12)
    at reportTSError (C:\Users\LeoMeo\Desktop\github-api\node_modules\ts-node\src\index.ts:832:19)
    at getOutput (C:\Users\LeoMeo\Desktop\github-api\node_modules\ts-node\src\index.ts:1022:36)
    at Object.compile (C:\Users\LeoMeo\Desktop\github-api\node_modules\ts-node\src\index.ts:1326:43)
    at Module.m._compile (C:\Users\LeoMeo\Desktop\github-api\node_modules\ts-node\src\index.ts:1458:30)
    at Module._extensions..js (internal/modules/cjs/loader.js:1114:10)
    at Object.require.extensions.<computed> [as .ts] (C:\Users\LeoMeo\Desktop\github-api\node_modules\ts-node\src\index.ts:1462:12)
    at Module.load (internal/modules/cjs/loader.js:950:32)
    at Function.Module._load (internal/modules/cjs/loader.js:790:12)
    at Module.require (internal/modules/cjs/loader.js:974:19)
2022-02-28T17:32:33.696Z  error: uncaughtException: тип Unable to compile TypeScript:
[96mApp/Application/Utils/PaginationCollection.ts[0m:[93m10[0m:[93m5[0m - [91merror[0m[90m TS2322: [0mType 'number | undefined' is not assignable to type 'number'.
  Type 'undefined' is not assignable to type 'number'.

[7m10[0m     this.currentPage = pagination.currentpage;
[7m  [0m [91m    ~~~~~~~~~~~~~~~~[0m

TSError: тип Unable to compile TypeScript:
[96mApp/Application/Utils/PaginationCollection.ts[0m:[93m10[0m:[93m5[0m - [91merror[0m[90m TS2322: [0mType 'number | undefined' is not assignable to type 'number'.
  Type 'undefined' is not assignable to type 'number'.

[7m10[0m     this.currentPage = pagination.currentpage;
[7m  [0m [91m    ~~~~~~~~~~~~~~~~[0m

    at createTSError (C:\Users\LeoMeo\Desktop\github-api\node_modules\ts-node\src\index.ts:828:12)
    at reportTSError (C:\Users\LeoMeo\Desktop\github-api\node_modules\ts-node\src\index.ts:832:19)
    at getOutput (C:\Users\LeoMeo\Desktop\github-api\node_modules\ts-node\src\index.ts:1022:36)
    at Object.compile (C:\Users\LeoMeo\Desktop\github-api\node_modules\ts-node\src\index.ts:1326:43)
    at Module.m._compile (C:\Users\LeoMeo\Desktop\github-api\node_modules\ts-node\src\index.ts:1458:30)
    at Module._extensions..js (internal/modules/cjs/loader.js:1114:10)
    at Object.require.extensions.<computed> [as .ts] (C:\Users\LeoMeo\Desktop\github-api\node_modules\ts-node\src\index.ts:1462:12)
    at Module.load (internal/modules/cjs/loader.js:950:32)
    at Function.Module._load (internal/modules/cjs/loader.js:790:12)
    at Module.require (internal/modules/cjs/loader.js:974:19)
2022-02-28T17:35:47.784Z  error: uncaughtException: тип Unable to compile TypeScript:
[96mApp/Application/Utils/PaginationCollection.ts[0m:[93m10[0m:[93m5[0m - [91merror[0m[90m TS2322: [0mType 'number | undefined' is not assignable to type 'number'.
  Type 'undefined' is not assignable to type 'number'.

[7m10[0m     this.currentPage = pagination.currentpage;
[7m  [0m [91m    ~~~~~~~~~~~~~~~~[0m

TSError: тип Unable to compile TypeScript:
[96mApp/Application/Utils/PaginationCollection.ts[0m:[93m10[0m:[93m5[0m - [91merror[0m[90m TS2322: [0mType 'number | undefined' is not assignable to type 'number'.
  Type 'undefined' is not assignable to type 'number'.

[7m10[0m     this.currentPage = pagination.currentpage;
[7m  [0m [91m    ~~~~~~~~~~~~~~~~[0m

    at createTSError (C:\Users\LeoMeo\Desktop\github-api\node_modules\ts-node\src\index.ts:828:12)
    at reportTSError (C:\Users\LeoMeo\Desktop\github-api\node_modules\ts-node\src\index.ts:832:19)
    at getOutput (C:\Users\LeoMeo\Desktop\github-api\node_modules\ts-node\src\index.ts:1022:36)
    at Object.compile (C:\Users\LeoMeo\Desktop\github-api\node_modules\ts-node\src\index.ts:1326:43)
    at Module.m._compile (C:\Users\LeoMeo\Desktop\github-api\node_modules\ts-node\src\index.ts:1458:30)
    at Module._extensions..js (internal/modules/cjs/loader.js:1114:10)
    at Object.require.extensions.<computed> [as .ts] (C:\Users\LeoMeo\Desktop\github-api\node_modules\ts-node\src\index.ts:1462:12)
    at Module.load (internal/modules/cjs/loader.js:950:32)
    at Function.Module._load (internal/modules/cjs/loader.js:790:12)
    at Module.require (internal/modules/cjs/loader.js:974:19)
2022-02-28T17:36:46.423Z  error: uncaughtException: тип Unable to compile TypeScript:
[96mApp/Application/Utils/PaginationCollection.ts[0m:[93m10[0m:[93m5[0m - [91merror[0m[90m TS2322: [0mType 'number | undefined' is not assignable to type 'number'.
  Type 'undefined' is not assignable to type 'number'.

[7m10[0m     this.currentPage = pagination.currentpage;
[7m  [0m [91m    ~~~~~~~~~~~~~~~~[0m

TSError: тип Unable to compile TypeScript:
[96mApp/Application/Utils/PaginationCollection.ts[0m:[93m10[0m:[93m5[0m - [91merror[0m[90m TS2322: [0mType 'number | undefined' is not assignable to type 'number'.
  Type 'undefined' is not assignable to type 'number'.

[7m10[0m     this.currentPage = pagination.currentpage;
[7m  [0m [91m    ~~~~~~~~~~~~~~~~[0m

    at createTSError (C:\Users\LeoMeo\Desktop\github-api\node_modules\ts-node\src\index.ts:828:12)
    at reportTSError (C:\Users\LeoMeo\Desktop\github-api\node_modules\ts-node\src\index.ts:832:19)
    at getOutput (C:\Users\LeoMeo\Desktop\github-api\node_modules\ts-node\src\index.ts:1022:36)
    at Object.compile (C:\Users\LeoMeo\Desktop\github-api\node_modules\ts-node\src\index.ts:1326:43)
    at Module.m._compile (C:\Users\LeoMeo\Desktop\github-api\node_modules\ts-node\src\index.ts:1458:30)
    at Module._extensions..js (internal/modules/cjs/loader.js:1114:10)
    at Object.require.extensions.<computed> [as .ts] (C:\Users\LeoMeo\Desktop\github-api\node_modules\ts-node\src\index.ts:1462:12)
    at Module.load (internal/modules/cjs/loader.js:950:32)
    at Function.Module._load (internal/modules/cjs/loader.js:790:12)
    at Module.require (internal/modules/cjs/loader.js:974:19)
2022-02-28T17:37:04.771Z  error: uncaughtException: тип Unable to compile TypeScript:
[96mApp/Application/Utils/PaginationCollection.ts[0m:[93m10[0m:[93m5[0m - [91merror[0m[90m TS2322: [0mType 'number | undefined' is not assignable to type 'number'.
  Type 'undefined' is not assignable to type 'number'.

[7m10[0m     this.currentPage = pagination.currentpage;
[7m  [0m [91m    ~~~~~~~~~~~~~~~~[0m

TSError: тип Unable to compile TypeScript:
[96mApp/Application/Utils/PaginationCollection.ts[0m:[93m10[0m:[93m5[0m - [91merror[0m[90m TS2322: [0mType 'number | undefined' is not assignable to type 'number'.
  Type 'undefined' is not assignable to type 'number'.

[7m10[0m     this.currentPage = pagination.currentpage;
[7m  [0m [91m    ~~~~~~~~~~~~~~~~[0m

    at createTSError (C:\Users\LeoMeo\Desktop\github-api\node_modules\ts-node\src\index.ts:828:12)
    at reportTSError (C:\Users\LeoMeo\Desktop\github-api\node_modules\ts-node\src\index.ts:832:19)
    at getOutput (C:\Users\LeoMeo\Desktop\github-api\node_modules\ts-node\src\index.ts:1022:36)
    at Object.compile (C:\Users\LeoMeo\Desktop\github-api\node_modules\ts-node\src\index.ts:1326:43)
    at Module.m._compile (C:\Users\LeoMeo\Desktop\github-api\node_modules\ts-node\src\index.ts:1458:30)
    at Module._extensions..js (internal/modules/cjs/loader.js:1114:10)
    at Object.require.extensions.<computed> [as .ts] (C:\Users\LeoMeo\Desktop\github-api\node_modules\ts-node\src\index.ts:1462:12)
    at Module.load (internal/modules/cjs/loader.js:950:32)
    at Function.Module._load (internal/modules/cjs/loader.js:790:12)
    at Module.require (internal/modules/cjs/loader.js:974:19)
2022-02-28T17:38:11.054Z  error: uncaughtException: тип Unable to compile TypeScript:
[96mApp/Application/Utils/PaginationCollection.ts[0m:[93m10[0m:[93m5[0m - [91merror[0m[90m TS2322: [0mType 'number | undefined' is not assignable to type 'number'.
  Type 'undefined' is not assignable to type 'number'.

[7m10[0m     this.currentPage = pagination.currentpage;
[7m  [0m [91m    ~~~~~~~~~~~~~~~~[0m

TSError: тип Unable to compile TypeScript:
[96mApp/Application/Utils/PaginationCollection.ts[0m:[93m10[0m:[93m5[0m - [91merror[0m[90m TS2322: [0mType 'number | undefined' is not assignable to type 'number'.
  Type 'undefined' is not assignable to type 'number'.

[7m10[0m     this.currentPage = pagination.currentpage;
[7m  [0m [91m    ~~~~~~~~~~~~~~~~[0m

    at createTSError (C:\Users\LeoMeo\Desktop\github-api\node_modules\ts-node\src\index.ts:828:12)
    at reportTSError (C:\Users\LeoMeo\Desktop\github-api\node_modules\ts-node\src\index.ts:832:19)
    at getOutput (C:\Users\LeoMeo\Desktop\github-api\node_modules\ts-node\src\index.ts:1022:36)
    at Object.compile (C:\Users\LeoMeo\Desktop\github-api\node_modules\ts-node\src\index.ts:1326:43)
    at Module.m._compile (C:\Users\LeoMeo\Desktop\github-api\node_modules\ts-node\src\index.ts:1458:30)
    at Module._extensions..js (internal/modules/cjs/loader.js:1114:10)
    at Object.require.extensions.<computed> [as .ts] (C:\Users\LeoMeo\Desktop\github-api\node_modules\ts-node\src\index.ts:1462:12)
    at Module.load (internal/modules/cjs/loader.js:950:32)
    at Function.Module._load (internal/modules/cjs/loader.js:790:12)
    at Module.require (internal/modules/cjs/loader.js:974:19)
2022-02-28T17:38:21.443Z  error: uncaughtException: тип Unable to compile TypeScript:
[96mApp/Infrastructure/Services/GithubService.ts[0m:[93m19[0m:[93m26[0m - [91merror[0m[90m TS2554: [0mExpected 2 arguments, but got 1.

[7m19[0m       const pagination = new Pagination(perpage)
[7m  [0m [91m                         ~~~~~~~~~~~~~~~~~~~~~~~[0m

  [96mApp/Application/Utils/Pagination.ts[0m:[93m6[0m:[93m32[0m
    [7m6[0m     constructor(perpage:number,currentpage:number){
    [7m [0m [96m                               ~~~~~~~~~~~~~~~~~~[0m
    An argument for 'currentpage' was not provided.

TSError: тип Unable to compile TypeScript:
[96mApp/Infrastructure/Services/GithubService.ts[0m:[93m19[0m:[93m26[0m - [91merror[0m[90m TS2554: [0mExpected 2 arguments, but got 1.

[7m19[0m       const pagination = new Pagination(perpage)
[7m  [0m [91m                         ~~~~~~~~~~~~~~~~~~~~~~~[0m

  [96mApp/Application/Utils/Pagination.ts[0m:[93m6[0m:[93m32[0m
    [7m6[0m     constructor(perpage:number,currentpage:number){
    [7m [0m [96m                               ~~~~~~~~~~~~~~~~~~[0m
    An argument for 'currentpage' was not provided.

    at createTSError (C:\Users\LeoMeo\Desktop\github-api\node_modules\ts-node\src\index.ts:828:12)
    at reportTSError (C:\Users\LeoMeo\Desktop\github-api\node_modules\ts-node\src\index.ts:832:19)
    at getOutput (C:\Users\LeoMeo\Desktop\github-api\node_modules\ts-node\src\index.ts:1022:36)
    at Object.compile (C:\Users\LeoMeo\Desktop\github-api\node_modules\ts-node\src\index.ts:1326:43)
    at Module.m._compile (C:\Users\LeoMeo\Desktop\github-api\node_modules\ts-node\src\index.ts:1458:30)
    at Module._extensions..js (internal/modules/cjs/loader.js:1114:10)
    at Object.require.extensions.<computed> [as .ts] (C:\Users\LeoMeo\Desktop\github-api\node_modules\ts-node\src\index.ts:1462:12)
    at Module.load (internal/modules/cjs/loader.js:950:32)
    at Function.Module._load (internal/modules/cjs/loader.js:790:12)
    at Module.require (internal/modules/cjs/loader.js:974:19)
2022-02-28T17:47:13.636Z  error: uncaughtException: тип Unable to compile TypeScript:
[96mApp/Application/Utils/PaginationCollection.ts[0m:[93m23[0m:[93m5[0m - [91merror[0m[90m TS2322: [0mType 'number | false' is not assignable to type 'boolean'.
  Type 'number' is not assignable to type 'boolean'.

[7m23[0m     return this.currentPage > 1 && this.currentPage = this.totalPages;
[7m  [0m [91m    ~~~~~~~~~~~~~~~~~~~~~~~~~~~~~~~~~~~~~~~~~~~~~~~[0m
[96mApp/Application/Utils/PaginationCollection.ts[0m:[93m23[0m:[93m53[0m - [91merror[0m[90m TS1005: [0m';' expected.

[7m23[0m     return this.currentPage > 1 && this.currentPage = this.totalPages;
[7m  [0m [91m                                                    ~[0m

TSError: тип Unable to compile TypeScript:
[96mApp/Application/Utils/PaginationCollection.ts[0m:[93m23[0m:[93m5[0m - [91merror[0m[90m TS2322: [0mType 'number | false' is not assignable to type 'boolean'.
  Type 'number' is not assignable to type 'boolean'.

[7m23[0m     return this.currentPage > 1 && this.currentPage = this.totalPages;
[7m  [0m [91m    ~~~~~~~~~~~~~~~~~~~~~~~~~~~~~~~~~~~~~~~~~~~~~~~[0m
[96mApp/Application/Utils/PaginationCollection.ts[0m:[93m23[0m:[93m53[0m - [91merror[0m[90m TS1005: [0m';' expected.

[7m23[0m     return this.currentPage > 1 && this.currentPage = this.totalPages;
[7m  [0m [91m                                                    ~[0m

    at createTSError (C:\Users\LeoMeo\Desktop\github-api\node_modules\ts-node\src\index.ts:828:12)
    at reportTSError (C:\Users\LeoMeo\Desktop\github-api\node_modules\ts-node\src\index.ts:832:19)
    at getOutput (C:\Users\LeoMeo\Desktop\github-api\node_modules\ts-node\src\index.ts:1022:36)
    at Object.compile (C:\Users\LeoMeo\Desktop\github-api\node_modules\ts-node\src\index.ts:1326:43)
    at Module.m._compile (C:\Users\LeoMeo\Desktop\github-api\node_modules\ts-node\src\index.ts:1458:30)
    at Module._extensions..js (internal/modules/cjs/loader.js:1114:10)
    at Object.require.extensions.<computed> [as .ts] (C:\Users\LeoMeo\Desktop\github-api\node_modules\ts-node\src\index.ts:1462:12)
    at Module.load (internal/modules/cjs/loader.js:950:32)
    at Function.Module._load (internal/modules/cjs/loader.js:790:12)
    at Module.require (internal/modules/cjs/loader.js:974:19)
2022-02-28T18:28:34.691Z  error: unhandledRejection: Cannot read property 'statusCode' of undefined
TypeError: Cannot read property 'statusCode' of undefined
    at Function.convertToExpress (C:\Users\LeoMeo\Desktop\github-api\App\Application\Utils\HttpResponse.ts:18:36)
    at C:\Users\LeoMeo\Desktop\github-api\Http\Controllers\GithubController.ts:6:18
    at Generator.next (<anonymous>)
    at fulfilled (C:\Users\LeoMeo\Desktop\github-api\Http\Controllers\GithubController.ts:5:58)
    at processTicksAndRejections (internal/process/task_queues.js:95:5)
2022-02-28T18:29:32.215Z  error: unhandledRejection: Cannot read property 'statusCode' of undefined
TypeError: Cannot read property 'statusCode' of undefined
    at Function.convertToExpress (C:\Users\LeoMeo\Desktop\github-api\App\Application\Utils\HttpResponse.ts:18:36)
    at C:\Users\LeoMeo\Desktop\github-api\Http\Controllers\GithubController.ts:6:18
    at Generator.next (<anonymous>)
    at fulfilled (C:\Users\LeoMeo\Desktop\github-api\Http\Controllers\GithubController.ts:5:58)
    at processTicksAndRejections (internal/process/task_queues.js:95:5)
2022-02-28T18:29:53.116Z  error: unhandledRejection: Cannot read property 'statusCode' of undefined
TypeError: Cannot read property 'statusCode' of undefined
    at Function.convertToExpress (C:\Users\LeoMeo\Desktop\github-api\App\Application\Utils\HttpResponse.ts:18:36)
    at C:\Users\LeoMeo\Desktop\github-api\Http\Controllers\GithubController.ts:6:18
    at Generator.next (<anonymous>)
    at fulfilled (C:\Users\LeoMeo\Desktop\github-api\Http\Controllers\GithubController.ts:5:58)
    at processTicksAndRejections (internal/process/task_queues.js:95:5)
2022-02-28T18:30:58.238Z  error: unhandledRejection: Cannot read property 'statusCode' of undefined
TypeError: Cannot read property 'statusCode' of undefined
    at Function.convertToExpress (C:\Users\LeoMeo\Desktop\github-api\App\Application\Utils\HttpResponse.ts:18:36)
    at C:\Users\LeoMeo\Desktop\github-api\Http\Controllers\GithubController.ts:6:18
    at Generator.next (<anonymous>)
    at fulfilled (C:\Users\LeoMeo\Desktop\github-api\Http\Controllers\GithubController.ts:5:58)
    at processTicksAndRejections (internal/process/task_queues.js:95:5)
2022-02-28T18:33:42.230Z  error: unhandledRejection: Cannot read property 'statusCode' of undefined
TypeError: Cannot read property 'statusCode' of undefined
    at Function.convertToExpress (C:\Users\LeoMeo\Desktop\github-api\App\Application\Utils\HttpResponse.ts:18:36)
    at C:\Users\LeoMeo\Desktop\github-api\Http\Controllers\GithubController.ts:6:18
    at Generator.next (<anonymous>)
    at fulfilled (C:\Users\LeoMeo\Desktop\github-api\Http\Controllers\GithubController.ts:5:58)
    at processTicksAndRejections (internal/process/task_queues.js:95:5)
2022-02-28T18:38:22.275Z  error: unhandledRejection: Cannot read property 'statusCode' of undefined
TypeError: Cannot read property 'statusCode' of undefined
    at Function.convertToExpress (C:\Users\LeoMeo\Desktop\github-api\App\Application\Utils\HttpResponse.ts:18:36)
    at C:\Users\LeoMeo\Desktop\github-api\Http\Controllers\GithubController.ts:6:18
    at Generator.next (<anonymous>)
    at fulfilled (C:\Users\LeoMeo\Desktop\github-api\Http\Controllers\GithubController.ts:5:58)
    at processTicksAndRejections (internal/process/task_queues.js:95:5)
2022-02-28T18:39:23.991Z  error: unhandledRejection: Cannot read property 'statusCode' of undefined
TypeError: Cannot read property 'statusCode' of undefined
    at Function.convertToExpress (C:\Users\LeoMeo\Desktop\github-api\App\Application\Utils\HttpResponse.ts:18:36)
    at C:\Users\LeoMeo\Desktop\github-api\Http\Controllers\GithubController.ts:6:18
    at Generator.next (<anonymous>)
    at fulfilled (C:\Users\LeoMeo\Desktop\github-api\Http\Controllers\GithubController.ts:5:58)
    at processTicksAndRejections (internal/process/task_queues.js:95:5)
2022-02-28T18:42:29.205Z  error: unhandledRejection: Cannot read property 'statusCode' of undefined
TypeError: Cannot read property 'statusCode' of undefined
    at Function.convertToExpress (C:\Users\LeoMeo\Desktop\github-api\App\Application\Utils\HttpResponse.ts:18:36)
    at C:\Users\LeoMeo\Desktop\github-api\Http\Controllers\GithubController.ts:6:18
    at Generator.next (<anonymous>)
    at fulfilled (C:\Users\LeoMeo\Desktop\github-api\Http\Controllers\GithubController.ts:5:58)
    at processTicksAndRejections (internal/process/task_queues.js:95:5)
2022-02-28T18:47:31.761Z  error: unhandledRejection: Cannot read property 'statusCode' of undefined
TypeError: Cannot read property 'statusCode' of undefined
    at Function.convertToExpress (C:\Users\LeoMeo\Desktop\github-api\App\Application\Utils\HttpResponse.ts:18:36)
    at C:\Users\LeoMeo\Desktop\github-api\Http\Controllers\GithubController.ts:6:18
    at Generator.next (<anonymous>)
    at fulfilled (C:\Users\LeoMeo\Desktop\github-api\Http\Controllers\GithubController.ts:5:58)
    at processTicksAndRejections (internal/process/task_queues.js:95:5)
2022-02-28T18:49:20.339Z  error: unhandledRejection: Cannot read property 'statusCode' of undefined
TypeError: Cannot read property 'statusCode' of undefined
    at Function.convertToExpress (C:\Users\LeoMeo\Desktop\github-api\App\Application\Utils\HttpResponse.ts:18:36)
    at C:\Users\LeoMeo\Desktop\github-api\Http\Controllers\GithubController.ts:6:18
    at Generator.next (<anonymous>)
    at fulfilled (C:\Users\LeoMeo\Desktop\github-api\Http\Controllers\GithubController.ts:5:58)
    at processTicksAndRejections (internal/process/task_queues.js:95:5)
2022-02-28T18:51:26.082Z  error: unhandledRejection: Cannot read property 'statusCode' of undefined
TypeError: Cannot read property 'statusCode' of undefined
    at Function.convertToExpress (C:\Users\LeoMeo\Desktop\github-api\App\Application\Utils\HttpResponse.ts:18:36)
    at C:\Users\LeoMeo\Desktop\github-api\Http\Controllers\GithubController.ts:6:18
    at Generator.next (<anonymous>)
    at fulfilled (C:\Users\LeoMeo\Desktop\github-api\Http\Controllers\GithubController.ts:5:58)
    at processTicksAndRejections (internal/process/task_queues.js:95:5)
2022-02-28T18:54:04.976Z  error: unhandledRejection: Cannot read property 'statusCode' of undefined
TypeError: Cannot read property 'statusCode' of undefined
    at Function.convertToExpress (C:\Users\LeoMeo\Desktop\github-api\App\Application\Utils\HttpResponse.ts:18:36)
    at C:\Users\LeoMeo\Desktop\github-api\Http\Controllers\GithubController.ts:6:18
    at Generator.next (<anonymous>)
    at fulfilled (C:\Users\LeoMeo\Desktop\github-api\Http\Controllers\GithubController.ts:5:58)
    at processTicksAndRejections (internal/process/task_queues.js:95:5)
2022-02-28T19:19:03.689Z  error: uncaughtException: тип Unable to compile TypeScript:
[96mApp/Application/Utils/PaginationCollection.ts[0m:[93m33[0m:[93m7[0m - [91merror[0m[90m TS1117: [0mAn object literal cannot have multiple properties with the same name in strict mode.

[7m33[0m       currentPage:this.gitCurrentPage,
[7m  [0m [91m      ~~~~~~~~~~~[0m
[96mApp/Application/Utils/PaginationCollection.ts[0m:[93m33[0m:[93m7[0m - [91merror[0m[90m TS2300: [0mDuplicate identifier 'currentPage'.

[7m33[0m       currentPage:this.gitCurrentPage,
[7m  [0m [91m      ~~~~~~~~~~~[0m

TSError: тип Unable to compile TypeScript:
[96mApp/Application/Utils/PaginationCollection.ts[0m:[93m33[0m:[93m7[0m - [91merror[0m[90m TS1117: [0mAn object literal cannot have multiple properties with the same name in strict mode.

[7m33[0m       currentPage:this.gitCurrentPage,
[7m  [0m [91m      ~~~~~~~~~~~[0m
[96mApp/Application/Utils/PaginationCollection.ts[0m:[93m33[0m:[93m7[0m - [91merror[0m[90m TS2300: [0mDuplicate identifier 'currentPage'.

[7m33[0m       currentPage:this.gitCurrentPage,
[7m  [0m [91m      ~~~~~~~~~~~[0m

    at createTSError (C:\Users\LeoMeo\Desktop\github-api\node_modules\ts-node\src\index.ts:828:12)
    at reportTSError (C:\Users\LeoMeo\Desktop\github-api\node_modules\ts-node\src\index.ts:832:19)
    at getOutput (C:\Users\LeoMeo\Desktop\github-api\node_modules\ts-node\src\index.ts:1022:36)
    at Object.compile (C:\Users\LeoMeo\Desktop\github-api\node_modules\ts-node\src\index.ts:1326:43)
    at Module.m._compile (C:\Users\LeoMeo\Desktop\github-api\node_modules\ts-node\src\index.ts:1458:30)
    at Module._extensions..js (internal/modules/cjs/loader.js:1114:10)
    at Object.require.extensions.<computed> [as .ts] (C:\Users\LeoMeo\Desktop\github-api\node_modules\ts-node\src\index.ts:1462:12)
    at Module.load (internal/modules/cjs/loader.js:950:32)
    at Function.Module._load (internal/modules/cjs/loader.js:790:12)
    at Module.require (internal/modules/cjs/loader.js:974:19)
2022-02-28T19:20:27.653Z  error: uncaughtException: тип Unable to compile TypeScript:
[96mApp/Application/Utils/PaginationCollection.ts[0m:[93m29[0m:[93m17[0m - [91merror[0m[90m TS2663: [0mCannot find name 'gitCurrentPage'. Did you mean the instance member 'this.gitCurrentPage'?

[7m29[0m     console.log(gitCurrentPage)
[7m  [0m [91m                ~~~~~~~~~~~~~~[0m

TSError: тип Unable to compile TypeScript:
[96mApp/Application/Utils/PaginationCollection.ts[0m:[93m29[0m:[93m17[0m - [91merror[0m[90m TS2663: [0mCannot find name 'gitCurrentPage'. Did you mean the instance member 'this.gitCurrentPage'?

[7m29[0m     console.log(gitCurrentPage)
[7m  [0m [91m                ~~~~~~~~~~~~~~[0m

    at createTSError (C:\Users\LeoMeo\Desktop\github-api\node_modules\ts-node\src\index.ts:828:12)
    at reportTSError (C:\Users\LeoMeo\Desktop\github-api\node_modules\ts-node\src\index.ts:832:19)
    at getOutput (C:\Users\LeoMeo\Desktop\github-api\node_modules\ts-node\src\index.ts:1022:36)
    at Object.compile (C:\Users\LeoMeo\Desktop\github-api\node_modules\ts-node\src\index.ts:1326:43)
    at Module.m._compile (C:\Users\LeoMeo\Desktop\github-api\node_modules\ts-node\src\index.ts:1458:30)
    at Module._extensions..js (internal/modules/cjs/loader.js:1114:10)
    at Object.require.extensions.<computed> [as .ts] (C:\Users\LeoMeo\Desktop\github-api\node_modules\ts-node\src\index.ts:1462:12)
    at Module.load (internal/modules/cjs/loader.js:950:32)
    at Function.Module._load (internal/modules/cjs/loader.js:790:12)
    at Module.require (internal/modules/cjs/loader.js:974:19)
2022-02-28T19:22:13.068Z  error: uncaughtException: тип Unable to compile TypeScript:
[96mApp/Infrastructure/Services/GithubService.ts[0m:[93m19[0m:[93m54[0m - [91merror[0m[90m TS2554: [0mExpected 2 arguments, but got 3.

[7m19[0m       const pagination = new Pagination(perpage,page,gitpage)
[7m  [0m [91m                                                     ~~~~~~~[0m

TSError: тип Unable to compile TypeScript:
[96mApp/Infrastructure/Services/GithubService.ts[0m:[93m19[0m:[93m54[0m - [91merror[0m[90m TS2554: [0mExpected 2 arguments, but got 3.

[7m19[0m       const pagination = new Pagination(perpage,page,gitpage)
[7m  [0m [91m                                                     ~~~~~~~[0m

    at createTSError (C:\Users\LeoMeo\Desktop\github-api\node_modules\ts-node\src\index.ts:828:12)
    at reportTSError (C:\Users\LeoMeo\Desktop\github-api\node_modules\ts-node\src\index.ts:832:19)
    at getOutput (C:\Users\LeoMeo\Desktop\github-api\node_modules\ts-node\src\index.ts:1022:36)
    at Object.compile (C:\Users\LeoMeo\Desktop\github-api\node_modules\ts-node\src\index.ts:1326:43)
    at Module.m._compile (C:\Users\LeoMeo\Desktop\github-api\node_modules\ts-node\src\index.ts:1458:30)
    at Module._extensions..js (internal/modules/cjs/loader.js:1114:10)
    at Object.require.extensions.<computed> [as .ts] (C:\Users\LeoMeo\Desktop\github-api\node_modules\ts-node\src\index.ts:1462:12)
    at Module.load (internal/modules/cjs/loader.js:950:32)
    at Function.Module._load (internal/modules/cjs/loader.js:790:12)
    at Module.require (internal/modules/cjs/loader.js:974:19)
2022-02-28T19:22:21.451Z  error: uncaughtException: тип Unable to compile TypeScript:
[96mApp/Infrastructure/Services/GithubService.ts[0m:[93m19[0m:[93m54[0m - [91merror[0m[90m TS2554: [0mExpected 2 arguments, but got 3.

[7m19[0m       const pagination = new Pagination(perpage,page,gitpage)
[7m  [0m [91m                                                     ~~~~~~~[0m

TSError: тип Unable to compile TypeScript:
[96mApp/Infrastructure/Services/GithubService.ts[0m:[93m19[0m:[93m54[0m - [91merror[0m[90m TS2554: [0mExpected 2 arguments, but got 3.

[7m19[0m       const pagination = new Pagination(perpage,page,gitpage)
[7m  [0m [91m                                                     ~~~~~~~[0m

    at createTSError (C:\Users\LeoMeo\Desktop\github-api\node_modules\ts-node\src\index.ts:828:12)
    at reportTSError (C:\Users\LeoMeo\Desktop\github-api\node_modules\ts-node\src\index.ts:832:19)
    at getOutput (C:\Users\LeoMeo\Desktop\github-api\node_modules\ts-node\src\index.ts:1022:36)
    at Object.compile (C:\Users\LeoMeo\Desktop\github-api\node_modules\ts-node\src\index.ts:1326:43)
    at Module.m._compile (C:\Users\LeoMeo\Desktop\github-api\node_modules\ts-node\src\index.ts:1458:30)
    at Module._extensions..js (internal/modules/cjs/loader.js:1114:10)
    at Object.require.extensions.<computed> [as .ts] (C:\Users\LeoMeo\Desktop\github-api\node_modules\ts-node\src\index.ts:1462:12)
    at Module.load (internal/modules/cjs/loader.js:950:32)
    at Function.Module._load (internal/modules/cjs/loader.js:790:12)
    at Module.require (internal/modules/cjs/loader.js:974:19)
2022-02-28T19:26:03.447Z  error: uncaughtException: тип Unable to compile TypeScript:
[96mApp/Infrastructure/Repositories/GithubRepository.ts[0m:[93m16[0m:[93m11[0m - [91merror[0m[90m TS1107: [0mJump target cannot cross function boundary.

[7m16[0m           break;
[7m  [0m [91m          ~~~~~~[0m

TSError: тип Unable to compile TypeScript:
[96mApp/Infrastructure/Repositories/GithubRepository.ts[0m:[93m16[0m:[93m11[0m - [91merror[0m[90m TS1107: [0mJump target cannot cross function boundary.

[7m16[0m           break;
[7m  [0m [91m          ~~~~~~[0m

    at createTSError (C:\Users\LeoMeo\Desktop\github-api\node_modules\ts-node\src\index.ts:828:12)
    at reportTSError (C:\Users\LeoMeo\Desktop\github-api\node_modules\ts-node\src\index.ts:832:19)
    at getOutput (C:\Users\LeoMeo\Desktop\github-api\node_modules\ts-node\src\index.ts:1022:36)
    at Object.compile (C:\Users\LeoMeo\Desktop\github-api\node_modules\ts-node\src\index.ts:1326:43)
    at Module.m._compile (C:\Users\LeoMeo\Desktop\github-api\node_modules\ts-node\src\index.ts:1458:30)
    at Module._extensions..js (internal/modules/cjs/loader.js:1114:10)
    at Object.require.extensions.<computed> [as .ts] (C:\Users\LeoMeo\Desktop\github-api\node_modules\ts-node\src\index.ts:1462:12)
    at Module.load (internal/modules/cjs/loader.js:950:32)
    at Function.Module._load (internal/modules/cjs/loader.js:790:12)
    at Module.require (internal/modules/cjs/loader.js:974:19)
2022-02-28T19:27:41.748Z  error: uncaughtException: тип Unable to compile TypeScript:
[96mApp/Infrastructure/Repositories/GithubRepository.ts[0m:[93m20[0m:[93m84[0m - [91merror[0m[90m TS2552: [0mCannot find name 'commit'. Did you mean 'commits'?

[7m20[0m       const paginatedCollection = new PaginatedCollection<githubEntity>(pagination,commit.length,commit);
[7m  [0m [91m                                                                                   ~~~~~~[0m

  [96mApp/Infrastructure/Repositories/GithubRepository.ts[0m:[93m11[0m:[93m13[0m
    [7m11[0m       const commits = await axios.get(url);
    [7m  [0m [96m            ~~~~~~~[0m
    'commits' is declared here.
[96mApp/Infrastructure/Repositories/GithubRepository.ts[0m:[93m20[0m:[93m98[0m - [91merror[0m[90m TS2552: [0mCannot find name 'commit'. Did you mean 'commits'?

[7m20[0m       const paginatedCollection = new PaginatedCollection<githubEntity>(pagination,commit.length,commit);
[7m  [0m [91m                                                                                                 ~~~~~~[0m

  [96mApp/Infrastructure/Repositories/GithubRepository.ts[0m:[93m11[0m:[93m13[0m
    [7m11[0m       const commits = await axios.get(url);
    [7m  [0m [96m            ~~~~~~~[0m
    'commits' is declared here.
[96mApp/Infrastructure/Repositories/GithubRepository.ts[0m:[93m19[0m:[93m8[0m - [91merror[0m[90m TS1128: [0mDeclaration or statement expected.

[7m19[0m       });
[7m  [0m [91m       ~[0m

TSError: тип Unable to compile TypeScript:
[96mApp/Infrastructure/Repositories/GithubRepository.ts[0m:[93m20[0m:[93m84[0m - [91merror[0m[90m TS2552: [0mCannot find name 'commit'. Did you mean 'commits'?

[7m20[0m       const paginatedCollection = new PaginatedCollection<githubEntity>(pagination,commit.length,commit);
[7m  [0m [91m                                                                                   ~~~~~~[0m

  [96mApp/Infrastructure/Repositories/GithubRepository.ts[0m:[93m11[0m:[93m13[0m
    [7m11[0m       const commits = await axios.get(url);
    [7m  [0m [96m            ~~~~~~~[0m
    'commits' is declared here.
[96mApp/Infrastructure/Repositories/GithubRepository.ts[0m:[93m20[0m:[93m98[0m - [91merror[0m[90m TS2552: [0mCannot find name 'commit'. Did you mean 'commits'?

[7m20[0m       const paginatedCollection = new PaginatedCollection<githubEntity>(pagination,commit.length,commit);
[7m  [0m [91m                                                                                                 ~~~~~~[0m

  [96mApp/Infrastructure/Repositories/GithubRepository.ts[0m:[93m11[0m:[93m13[0m
    [7m11[0m       const commits = await axios.get(url);
    [7m  [0m [96m            ~~~~~~~[0m
    'commits' is declared here.
[96mApp/Infrastructure/Repositories/GithubRepository.ts[0m:[93m19[0m:[93m8[0m - [91merror[0m[90m TS1128: [0mDeclaration or statement expected.

[7m19[0m       });
[7m  [0m [91m       ~[0m

    at createTSError (C:\Users\LeoMeo\Desktop\github-api\node_modules\ts-node\src\index.ts:828:12)
    at reportTSError (C:\Users\LeoMeo\Desktop\github-api\node_modules\ts-node\src\index.ts:832:19)
    at getOutput (C:\Users\LeoMeo\Desktop\github-api\node_modules\ts-node\src\index.ts:1022:36)
    at Object.compile (C:\Users\LeoMeo\Desktop\github-api\node_modules\ts-node\src\index.ts:1326:43)
    at Module.m._compile (C:\Users\LeoMeo\Desktop\github-api\node_modules\ts-node\src\index.ts:1458:30)
    at Module._extensions..js (internal/modules/cjs/loader.js:1114:10)
    at Object.require.extensions.<computed> [as .ts] (C:\Users\LeoMeo\Desktop\github-api\node_modules\ts-node\src\index.ts:1462:12)
    at Module.load (internal/modules/cjs/loader.js:950:32)
    at Function.Module._load (internal/modules/cjs/loader.js:790:12)
    at Module.require (internal/modules/cjs/loader.js:974:19)
2022-02-28T19:28:24.953Z  error: uncaughtException: тип Unable to compile TypeScript:
[96mApp/Infrastructure/Repositories/GithubRepository.ts[0m:[93m19[0m:[93m8[0m - [91merror[0m[90m TS1128: [0mDeclaration or statement expected.

[7m19[0m       });
[7m  [0m [91m       ~[0m

TSError: тип Unable to compile TypeScript:
[96mApp/Infrastructure/Repositories/GithubRepository.ts[0m:[93m19[0m:[93m8[0m - [91merror[0m[90m TS1128: [0mDeclaration or statement expected.

[7m19[0m       });
[7m  [0m [91m       ~[0m

    at createTSError (C:\Users\LeoMeo\Desktop\github-api\node_modules\ts-node\src\index.ts:828:12)
    at reportTSError (C:\Users\LeoMeo\Desktop\github-api\node_modules\ts-node\src\index.ts:832:19)
    at getOutput (C:\Users\LeoMeo\Desktop\github-api\node_modules\ts-node\src\index.ts:1022:36)
    at Object.compile (C:\Users\LeoMeo\Desktop\github-api\node_modules\ts-node\src\index.ts:1326:43)
    at Module.m._compile (C:\Users\LeoMeo\Desktop\github-api\node_modules\ts-node\src\index.ts:1458:30)
    at Module._extensions..js (internal/modules/cjs/loader.js:1114:10)
    at Object.require.extensions.<computed> [as .ts] (C:\Users\LeoMeo\Desktop\github-api\node_modules\ts-node\src\index.ts:1462:12)
    at Module.load (internal/modules/cjs/loader.js:950:32)
    at Function.Module._load (internal/modules/cjs/loader.js:790:12)
    at Module.require (internal/modules/cjs/loader.js:974:19)
